\BOOKMARK [1][-]{section.1}{Introduction}{}% 1
\BOOKMARK [1][-]{section.2}{Game Play}{}% 2
\BOOKMARK [2][-]{subsection.2.1}{Game Overview}{section.2}% 3
\BOOKMARK [2][-]{subsection.2.2}{Key Mappings}{section.2}% 4
\BOOKMARK [1][-]{section.3}{AI Component}{}% 5
\BOOKMARK [2][-]{subsection.3.1}{AI Objectives}{section.3}% 6
\BOOKMARK [2][-]{subsection.3.2}{Collaborative Diffusion \(CD\)}{section.3}% 7
\BOOKMARK [3][-]{subsubsection.3.2.1}{CD Overview}{subsection.3.2}% 8
\BOOKMARK [3][-]{subsubsection.3.2.2}{Benefits of Collaborative Diffusion Approach}{subsection.3.2}% 9
\BOOKMARK [2][-]{subsection.3.3}{Extention to collaborative diffusion}{section.3}% 10
\BOOKMARK [3][-]{subsubsection.3.3.1}{Limitations of Collaborative Diffusion}{subsection.3.3}% 11
\BOOKMARK [3][-]{subsubsection.3.3.2}{Requirements for Extended Algorithm}{subsection.3.3}% 12
\BOOKMARK [3][-]{subsubsection.3.3.3}{Extended Algorithm}{subsection.3.3}% 13
\BOOKMARK [3][-]{subsubsection.3.3.4}{Example}{subsection.3.3}% 14
\BOOKMARK [1][-]{section.4}{Game Representation}{}% 15
\BOOKMARK [2][-]{subsection.4.1}{Entity, Metric, and Win Parameters}{section.4}% 16
\BOOKMARK [3][-]{subsubsection.4.1.1}{Metric}{subsection.4.1}% 17
\BOOKMARK [3][-]{subsubsection.4.1.2}{Entities}{subsection.4.1}% 18
\BOOKMARK [3][-]{subsubsection.4.1.3}{InsertEntity}{subsection.4.1}% 19
\BOOKMARK [2][-]{subsection.4.2}{Map Layout}{section.4}% 20
\BOOKMARK [1][-]{section.5}{Future Work}{}% 21
\BOOKMARK [2][-]{subsection.5.1}{Emergent Flock Cohesion}{section.5}% 22
\BOOKMARK [2][-]{subsection.5.2}{Continuous Motion and Decisive Thrust Vectors}{section.5}% 23
\BOOKMARK [2][-]{subsection.5.3}{Genetic Algorithm to Evolve Metric Weights}{section.5}% 24
\BOOKMARK [1][-]{section.6}{References}{}% 25
